[Info] Launching scalavista server...
[Info] Could not find scalavista.json - proceeding without.
[D:\mover\parrotenginev2\app\daos\UserDao.scala]: exception during background compile: java.lang.NullPointerException
java.lang.NullPointerException
	at scala.tools.nsc.typechecker.Typers$Typer.$anonfun$typedAnnotation$1(Typers.scala:3940)
	at scala.tools.nsc.typechecker.Typers$Typer.typedAnnotation(Typers.scala:3834)
	at scala.tools.nsc.typechecker.Namers$Namer.$anonfun$annotSig$3(Namers.scala:1866)
	at scala.reflect.internal.AnnotationInfos$LazyAnnotationInfo.forcedInfo$lzycompute(AnnotationInfos.scala:158)
	at scala.reflect.internal.AnnotationInfos$LazyAnnotationInfo.forcedInfo(AnnotationInfos.scala:158)
	at scala.reflect.internal.AnnotationInfos$LazyAnnotationInfo.completeInfo(AnnotationInfos.scala:171)
	at scala.tools.nsc.typechecker.Typers$Typer.typedTemplate(Typers.scala:1998)
	at scala.tools.nsc.typechecker.Typers$Typer.typedClassDef(Typers.scala:1880)
	at scala.tools.nsc.typechecker.Typers$Typer.typed1(Typers.scala:5775)
	at scala.tools.nsc.typechecker.Typers$Typer.typed(Typers.scala:5867)
	at scala.tools.nsc.typechecker.Typers$Typer.typedStat$1(Typers.scala:5931)
	at scala.tools.nsc.typechecker.Typers$Typer.$anonfun$typedStats$10(Typers.scala:3396)
	at scala.tools.nsc.typechecker.Typers$Typer.typedStats(Typers.scala:3396)
	at scala.tools.nsc.typechecker.Typers$Typer.typedPackageDef$1(Typers.scala:5475)
	at scala.tools.nsc.typechecker.Typers$Typer.typed1(Typers.scala:5778)
	at scala.tools.nsc.typechecker.Typers$Typer.typed(Typers.scala:5867)
	at scala.tools.nsc.typechecker.Analyzer$typerFactory$TyperPhase.apply(Analyzer.scala:115)
	at scala.tools.nsc.Global$GlobalPhase.applyPhase(Global.scala:451)
	at scala.tools.nsc.interactive.Global$TyperRun.applyPhase(Global.scala:1347)
	at scala.tools.nsc.interactive.Global$TyperRun.typeCheck(Global.scala:1340)
	at scala.tools.nsc.interactive.Global.typeCheck(Global.scala:671)
	at scala.tools.nsc.interactive.Global.$anonfun$backgroundCompile$7(Global.scala:582)
	at scala.tools.nsc.interactive.Global.$anonfun$backgroundCompile$6(Global.scala:578)
	at scala.tools.nsc.interactive.Global.$anonfun$backgroundCompile$6$adapted(Global.scala:578)
	at scala.collection.IterableOnceOps.foreach(IterableOnce.scala:576)
	at scala.collection.IterableOnceOps.foreach$(IterableOnce.scala:574)
	at scala.collection.AbstractIterable.foreach(Iterable.scala:904)
	at scala.collection.IterableOps$WithFilter.foreach(Iterable.scala:874)
	at scala.tools.nsc.interactive.Global.backgroundCompile(Global.scala:578)
	at scala.tools.nsc.interactive.PresentationCompilerThread.run(PresentationCompilerThread.scala:32)
[D:\mover\parrotenginev2\app\daos\UserDao.scala] marking unit as crashed (crashedFiles: Set(D:\mover\parrotenginev2\app\daos\UserDao.scala))
[D:\mover\parrotenginev2\app\controllers\AuthController.scala]: exception during background compile: java.lang.NullPointerException
java.lang.NullPointerException
	at scala.tools.nsc.typechecker.Typers$Typer.$anonfun$typedAnnotation$1(Typers.scala:3940)
	at scala.tools.nsc.typechecker.Typers$Typer.typedAnnotation(Typers.scala:3834)
	at scala.tools.nsc.typechecker.Namers$Namer.$anonfun$annotSig$3(Namers.scala:1866)
	at scala.reflect.internal.AnnotationInfos$LazyAnnotationInfo.forcedInfo$lzycompute(AnnotationInfos.scala:158)
	at scala.reflect.internal.AnnotationInfos$LazyAnnotationInfo.forcedInfo(AnnotationInfos.scala:158)
	at scala.reflect.internal.AnnotationInfos$LazyAnnotationInfo.completeInfo(AnnotationInfos.scala:171)
	at scala.tools.nsc.typechecker.Typers$Typer.typedTemplate(Typers.scala:1998)
	at scala.tools.nsc.typechecker.Typers$Typer.typedClassDef(Typers.scala:1880)
	at scala.tools.nsc.typechecker.Typers$Typer.typed1(Typers.scala:5775)
	at scala.tools.nsc.typechecker.Typers$Typer.typed(Typers.scala:5867)
	at scala.tools.nsc.typechecker.Typers$Typer.typedStat$1(Typers.scala:5931)
	at scala.tools.nsc.typechecker.Typers$Typer.$anonfun$typedStats$10(Typers.scala:3396)
	at scala.tools.nsc.typechecker.Typers$Typer.typedStats(Typers.scala:3396)
	at scala.tools.nsc.typechecker.Typers$Typer.typedPackageDef$1(Typers.scala:5475)
	at scala.tools.nsc.typechecker.Typers$Typer.typed1(Typers.scala:5778)
	at scala.tools.nsc.typechecker.Typers$Typer.typed(Typers.scala:5867)
	at scala.tools.nsc.typechecker.Analyzer$typerFactory$TyperPhase.apply(Analyzer.scala:115)
	at scala.tools.nsc.Global$GlobalPhase.applyPhase(Global.scala:451)
	at scala.tools.nsc.interactive.Global$TyperRun.applyPhase(Global.scala:1347)
	at scala.tools.nsc.interactive.Global$TyperRun.typeCheck(Global.scala:1340)
	at scala.tools.nsc.interactive.Global.typeCheck(Global.scala:671)
	at scala.tools.nsc.interactive.Global.$anonfun$backgroundCompile$7(Global.scala:582)
	at scala.tools.nsc.interactive.Global.$anonfun$backgroundCompile$6(Global.scala:578)
	at scala.tools.nsc.interactive.Global.$anonfun$backgroundCompile$6$adapted(Global.scala:578)
	at scala.collection.IterableOnceOps.foreach(IterableOnce.scala:576)
	at scala.collection.IterableOnceOps.foreach$(IterableOnce.scala:574)
	at scala.collection.AbstractIterable.foreach(Iterable.scala:904)
	at scala.collection.IterableOps$WithFilter.foreach(Iterable.scala:874)
	at scala.tools.nsc.interactive.Global.backgroundCompile(Global.scala:578)
	at scala.tools.nsc.interactive.PresentationCompilerThread.run(PresentationCompilerThread.scala:32)
[D:\mover\parrotenginev2\app\controllers\AuthController.scala] marking unit as crashed (crashedFiles: Set(D:\mover\parrotenginev2\app\daos\UserDao.scala, D:\mover\parrotenginev2\app\controllers\AuthController.scala))
[D:\mover\parrotenginev2\app\controllers\HomeController.scala]: exception during background compile: java.lang.NullPointerException
java.lang.NullPointerException
	at scala.tools.nsc.typechecker.Typers$Typer.$anonfun$typedAnnotation$1(Typers.scala:3940)
	at scala.tools.nsc.typechecker.Typers$Typer.typedAnnotation(Typers.scala:3834)
	at scala.tools.nsc.typechecker.Namers$Namer.$anonfun$annotSig$3(Namers.scala:1866)
	at scala.reflect.internal.AnnotationInfos$LazyAnnotationInfo.forcedInfo$lzycompute(AnnotationInfos.scala:158)
	at scala.reflect.internal.AnnotationInfos$LazyAnnotationInfo.forcedInfo(AnnotationInfos.scala:158)
	at scala.reflect.internal.AnnotationInfos$LazyAnnotationInfo.completeInfo(AnnotationInfos.scala:171)
	at scala.tools.nsc.typechecker.Typers$Typer.typedTemplate(Typers.scala:1998)
	at scala.tools.nsc.typechecker.Typers$Typer.typedClassDef(Typers.scala:1880)
	at scala.tools.nsc.typechecker.Typers$Typer.typed1(Typers.scala:5775)
	at scala.tools.nsc.typechecker.Typers$Typer.typed(Typers.scala:5867)
	at scala.tools.nsc.typechecker.Typers$Typer.typedDocDef(Typers.scala:247)
	at org.scalavista.Engine$$anon$1$$anon$2.scala$tools$nsc$doc$ScaladocAnalyzer$ScaladocTyper$$super$typedDocDef(Engine.scala:69)
	at scala.tools.nsc.doc.ScaladocAnalyzer$ScaladocTyper.typedDocDef(ScaladocAnalyzer.scala:57)
	at scala.tools.nsc.doc.ScaladocAnalyzer$ScaladocTyper.typedDocDef$(ScaladocAnalyzer.scala:36)
	at org.scalavista.Engine$$anon$1$$anon$2.typedDocDef(Engine.scala:69)
	at scala.tools.nsc.typechecker.Typers$Typer.typedOutsidePatternMode$1(Typers.scala:5813)
	at scala.tools.nsc.typechecker.Typers$Typer.typed1(Typers.scala:5831)
	at scala.tools.nsc.typechecker.Typers$Typer.typed(Typers.scala:5867)
	at scala.tools.nsc.typechecker.Typers$Typer.typedStat$1(Typers.scala:5931)
	at scala.tools.nsc.typechecker.Typers$Typer.$anonfun$typedStats$10(Typers.scala:3396)
	at scala.tools.nsc.typechecker.Typers$Typer.typedStats(Typers.scala:3396)
	at scala.tools.nsc.typechecker.Typers$Typer.typedPackageDef$1(Typers.scala:5475)
	at scala.tools.nsc.typechecker.Typers$Typer.typed1(Typers.scala:5778)
	at scala.tools.nsc.typechecker.Typers$Typer.typed(Typers.scala:5867)
	at scala.tools.nsc.typechecker.Analyzer$typerFactory$TyperPhase.apply(Analyzer.scala:115)
	at scala.tools.nsc.Global$GlobalPhase.applyPhase(Global.scala:451)
	at scala.tools.nsc.interactive.Global$TyperRun.applyPhase(Global.scala:1347)
	at scala.tools.nsc.interactive.Global$TyperRun.typeCheck(Global.scala:1340)
	at scala.tools.nsc.interactive.Global.typeCheck(Global.scala:671)
	at scala.tools.nsc.interactive.Global.$anonfun$backgroundCompile$7(Global.scala:582)
	at scala.tools.nsc.interactive.Global.$anonfun$backgroundCompile$6(Global.scala:578)
	at scala.tools.nsc.interactive.Global.$anonfun$backgroundCompile$6$adapted(Global.scala:578)
	at scala.collection.IterableOnceOps.foreach(IterableOnce.scala:576)
	at scala.collection.IterableOnceOps.foreach$(IterableOnce.scala:574)
	at scala.collection.AbstractIterable.foreach(Iterable.scala:904)
	at scala.collection.IterableOps$WithFilter.foreach(Iterable.scala:874)
	at scala.tools.nsc.interactive.Global.backgroundCompile(Global.scala:578)
	at scala.tools.nsc.interactive.PresentationCompilerThread.run(PresentationCompilerThread.scala:32)
[D:\mover\parrotenginev2\app\controllers\HomeController.scala] marking unit as crashed (crashedFiles: Set(D:\mover\parrotenginev2\app\daos\UserDao.scala, D:\mover\parrotenginev2\app\controllers\AuthController.scala, D:\mover\parrotenginev2\app\controllers\HomeController.scala))
[D:\mover\parrotenginev2\app\services\AuthService.scala]: exception during background compile: java.lang.NullPointerException
java.lang.NullPointerException
	at scala.tools.nsc.typechecker.Typers$Typer.$anonfun$typedAnnotation$1(Typers.scala:3940)
	at scala.tools.nsc.typechecker.Typers$Typer.typedAnnotation(Typers.scala:3834)
	at scala.tools.nsc.typechecker.Namers$Namer.$anonfun$annotSig$3(Namers.scala:1866)
	at scala.reflect.internal.AnnotationInfos$LazyAnnotationInfo.forcedInfo$lzycompute(AnnotationInfos.scala:158)
	at scala.reflect.internal.AnnotationInfos$LazyAnnotationInfo.forcedInfo(AnnotationInfos.scala:158)
	at scala.reflect.internal.AnnotationInfos$LazyAnnotationInfo.completeInfo(AnnotationInfos.scala:171)
	at scala.tools.nsc.typechecker.Typers$Typer.typedTemplate(Typers.scala:1998)
	at scala.tools.nsc.typechecker.Typers$Typer.typedClassDef(Typers.scala:1880)
	at scala.tools.nsc.typechecker.Typers$Typer.typed1(Typers.scala:5775)
	at scala.tools.nsc.typechecker.Typers$Typer.typed(Typers.scala:5867)
	at scala.tools.nsc.typechecker.Typers$Typer.typedStat$1(Typers.scala:5931)
	at scala.tools.nsc.typechecker.Typers$Typer.$anonfun$typedStats$10(Typers.scala:3396)
	at scala.tools.nsc.typechecker.Typers$Typer.typedStats(Typers.scala:3396)
	at scala.tools.nsc.typechecker.Typers$Typer.typedPackageDef$1(Typers.scala:5475)
	at scala.tools.nsc.typechecker.Typers$Typer.typed1(Typers.scala:5778)
	at scala.tools.nsc.typechecker.Typers$Typer.typed(Typers.scala:5867)
	at scala.tools.nsc.typechecker.Analyzer$typerFactory$TyperPhase.apply(Analyzer.scala:115)
	at scala.tools.nsc.Global$GlobalPhase.applyPhase(Global.scala:451)
	at scala.tools.nsc.interactive.Global$TyperRun.applyPhase(Global.scala:1347)
	at scala.tools.nsc.interactive.Global$TyperRun.typeCheck(Global.scala:1340)
	at scala.tools.nsc.interactive.Global.typeCheck(Global.scala:671)
	at scala.tools.nsc.interactive.Global.$anonfun$backgroundCompile$7(Global.scala:582)
	at scala.tools.nsc.interactive.Global.$anonfun$backgroundCompile$6(Global.scala:578)
	at scala.tools.nsc.interactive.Global.$anonfun$backgroundCompile$6$adapted(Global.scala:578)
	at scala.collection.IterableOnceOps.foreach(IterableOnce.scala:576)
	at scala.collection.IterableOnceOps.foreach$(IterableOnce.scala:574)
	at scala.collection.AbstractIterable.foreach(Iterable.scala:904)
	at scala.collection.IterableOps$WithFilter.foreach(Iterable.scala:874)
	at scala.tools.nsc.interactive.Global.backgroundCompile(Global.scala:578)
	at scala.tools.nsc.interactive.PresentationCompilerThread.run(PresentationCompilerThread.scala:32)
[D:\mover\parrotenginev2\app\services\AuthService.scala] marking unit as crashed (crashedFiles: Set(D:\mover\parrotenginev2\app\daos\UserDao.scala, D:\mover\parrotenginev2\app\controllers\AuthController.scala, D:\mover\parrotenginev2\app\controllers\HomeController.scala, D:\mover\parrotenginev2\app\services\AuthService.scala))
[Info] Press any key to shut down.
